[   364.346] 
X.Org X Server 1.21.1.4
X Protocol Version 11, Revision 0
[   364.352] Current Operating System: Linux archiso 5.19.13-arch1-1 #1 SMP PREEMPT_DYNAMIC Tue, 04 Oct 2022 14:36:58 +0000 x86_64
[   364.352] Kernel command line: BOOT_IMAGE=/arch/boot/x86_64/vmlinuz-linux archisobasedir=arch archisolabel=ARCH_202210 accessibility=on loglevel=3 quiet nouveau.modeset=0 nvidia-drm.modeset=1
[   364.356]  
[   364.357] Current version of pixman: 0.40.0
[   364.359] 	Before reporting problems, check http://wiki.x.org
	to make sure that you have the latest version.
[   364.359] Markers: (--) probed, (**) from config file, (==) default setting,
	(++) from command line, (!!) notice, (II) informational,
	(WW) warning, (EE) error, (NI) not implemented, (??) unknown.
[   364.363] (==) Log file: "/home/archiso/.local/share/xorg/Xorg.0.log", Time: Wed Oct  5 03:41:44 2022
[   364.365] (==) Using config directory: "/etc/X11/xorg.conf.d"
[   364.366] (==) Using system config directory "/usr/share/X11/xorg.conf.d"
[   364.366] (==) No Layout section.  Using the first Screen section.
[   364.366] (==) No screen section available. Using defaults.
[   364.366] (**) |-->Screen "Default Screen Section" (0)
[   364.366] (**) |   |-->Monitor "<default monitor>"
[   364.366] (==) No device specified for screen "Default Screen Section".
	Using the first device section listed.
[   364.366] (**) |   |-->Device "integrated"
[   364.366] (==) No monitor specified for screen "Default Screen Section".
	Using a default monitor configuration.
[   364.366] (==) Automatically adding devices
[   364.366] (==) Automatically enabling devices
[   364.366] (==) Automatically adding GPU devices
[   364.366] (==) Automatically binding GPU devices
[   364.366] (==) Max clients allowed: 256, resource mask: 0x1fffff
[   364.366] (WW) `fonts.dir' not found (or not valid) in "/usr/share/fonts/misc".
[   364.366] 	Entry deleted from font path.
[   364.366] 	(Run 'mkfontdir' on "/usr/share/fonts/misc").
[   364.366] (WW) The directory "/usr/share/fonts/TTF" does not exist.
[   364.366] 	Entry deleted from font path.
[   364.366] (WW) The directory "/usr/share/fonts/OTF" does not exist.
[   364.366] 	Entry deleted from font path.
[   364.366] (WW) The directory "/usr/share/fonts/Type1" does not exist.
[   364.366] 	Entry deleted from font path.
[   364.366] (WW) The directory "/usr/share/fonts/100dpi" does not exist.
[   364.366] 	Entry deleted from font path.
[   364.366] (WW) The directory "/usr/share/fonts/75dpi" does not exist.
[   364.366] 	Entry deleted from font path.
[   364.366] (==) FontPath set to:
	
[   364.366] (==) ModulePath set to "/usr/lib/xorg/modules"
[   364.366] (II) The server relies on udev to provide the list of input devices.
	If no devices become available, reconfigure udev or disable AutoAddDevices.
[   364.366] (II) Module ABI versions:
[   364.366] 	X.Org ANSI C Emulation: 0.4
[   364.366] 	X.Org Video Driver: 25.2
[   364.366] 	X.Org XInput driver : 24.4
[   364.366] 	X.Org Server Extension : 10.0
[   364.367] (++) using VT number 2

[   364.367] (--) controlling tty is VT number 2, auto-enabling KeepTty
[   364.368] (II) systemd-logind: took control of session /org/freedesktop/login1/session/_33
[   364.368] (II) xfree86: Adding drm device (/dev/dri/card0)
[   364.368] (II) Platform probe for /sys/devices/pci0000:00/0000:00:02.0/drm/card0
[   364.369] (II) systemd-logind: got fd for /dev/dri/card0 226:0 fd 13 paused 0
[   364.370] (--) PCI:*(0@0:2:0) 8086:9a60:8086:3018 rev 1, Mem @ 0x622c000000/16777216, 0x4000000000/268435456, I/O @ 0x00004000/64, BIOS @ 0x????????/131072
[   364.370] (--) PCI: (1@0:0:0) 10de:249d:8086:3018 rev 161, Mem @ 0x5d000000/16777216, 0x6000000000/8589934592, 0x6200000000/33554432, I/O @ 0x00003000/128, BIOS @ 0x????????/524288
[   364.370] (WW) Open ACPI failed (/var/run/acpid.socket) (No such file or directory)
[   364.370] (II) LoadModule: "glx"
[   364.370] (II) Loading /usr/lib/xorg/modules/extensions/libglx.so
[   364.371] (II) Module glx: vendor="X.Org Foundation"
[   364.371] 	compiled for 1.21.1.4, module version = 1.0.0
[   364.371] 	ABI class: X.Org Server Extension, version 10.0
[   364.371] (II) LoadModule: "modesetting"
[   364.371] (II) Loading /usr/lib/xorg/modules/drivers/modesetting_drv.so
[   364.371] (II) Module modesetting: vendor="X.Org Foundation"
[   364.371] 	compiled for 1.21.1.4, module version = 1.21.1
[   364.371] 	Module class: X.Org Video Driver
[   364.371] 	ABI class: X.Org Video Driver, version 25.2
[   364.371] (II) modesetting: Driver for Modesetting Kernel Drivers: kms
[   364.371] (II) modeset(0): using drv /dev/dri/card0
[   364.371] (WW) VGA arbiter: cannot open kernel arbiter, no multi-card support
[   364.371] (II) modeset(0): Creating default Display subsection in Screen section
	"Default Screen Section" for depth/fbbpp 24/32
[   364.371] (==) modeset(0): Depth 24, (==) framebuffer bpp 32
[   364.371] (==) modeset(0): RGB weight 888
[   364.371] (==) modeset(0): Default visual is TrueColor
[   364.372] (II) Loading sub module "glamoregl"
[   364.372] (II) LoadModule: "glamoregl"
[   364.372] (II) Loading /usr/lib/xorg/modules/libglamoregl.so
[   364.374] (II) Module glamoregl: vendor="X.Org Foundation"
[   364.374] 	compiled for 1.21.1.4, module version = 1.0.1
[   364.374] 	ABI class: X.Org ANSI C Emulation, version 0.4
[   364.855] (II) modeset(0): glamor X acceleration enabled on Mesa Intel(R) UHD Graphics (TGL GT1)
[   364.855] (II) modeset(0): glamor initialized
[   364.855] (==) modeset(0): VariableRefresh: disabled
[   364.855] (==) modeset(0): AsyncFlipSecondaries: disabled
[   364.858] (II) modeset(0): Output eDP-1 has no monitor section
[   364.858] (II) modeset(0): Output DP-1 has no monitor section
[   364.858] (II) modeset(0): Output DP-2 has no monitor section
[   364.861] (II) modeset(0): EDID for output eDP-1
[   364.861] (II) modeset(0): Manufacturer: BOE  Model: 974  Serial#: 0
[   364.861] (II) modeset(0): Year: 2020  Week: 27
[   364.861] (II) modeset(0): EDID Version: 1.4
[   364.861] (II) modeset(0): Digital Display Input
[   364.861] (II) modeset(0): 8 bits per channel
[   364.861] (II) modeset(0): Digital interface is DisplayPort
[   364.861] (II) modeset(0): Max Image Size [cm]: horiz.: 34  vert.: 19
[   364.861] (II) modeset(0): Gamma: 2.20
[   364.861] (II) modeset(0): No DPMS capabilities specified
[   364.861] (II) modeset(0): Supported color encodings: RGB 4:4:4 
[   364.861] (II) modeset(0): Default color space is primary color space
[   364.861] (II) modeset(0): First detailed timing is preferred mode
[   364.861] (II) modeset(0): Preferred mode is native pixel format and refresh rate
[   364.861] (II) modeset(0): Display is continuous-frequency
[   364.861] (II) modeset(0): redX: 0.645 redY: 0.324   greenX: 0.293 greenY: 0.626
[   364.861] (II) modeset(0): blueX: 0.152 blueY: 0.057   whiteX: 0.313 whiteY: 0.329
[   364.861] (II) modeset(0): Manufacturer's mask: 0
[   364.861] (II) modeset(0): Supported detailed timing:
[   364.861] (II) modeset(0): clock: 161.9 MHz   Image Size:  344 x 194 mm
[   364.861] (II) modeset(0): h_active: 2560  h_sync: 2608  h_sync_end 2640 h_blank_end 2735 h_border: 0
[   364.861] (II) modeset(0): v_active: 1440  v_sync: 1443  v_sync_end 1449 v_blanking: 1480 v_border: 0
[   364.861] (II) modeset(0): Ranges: V min: 48 V max: 165 Hz, H min: 244 H max: 244 kHz, PixClock max 675 MHz
[   364.861] (II) modeset(0):  BOE CQ
[   364.861] (II) modeset(0):  NE156QHM-NY2
[   364.861] (II) modeset(0): Number of EDID sections to follow: 1
[   364.861] (II) modeset(0): EDID (in hex):
[   364.861] (II) modeset(0): 	00ffffffffffff0009e5740900000000
[   364.861] (II) modeset(0): 	1b1e0104a5221378070125a5534ba027
[   364.861] (II) modeset(0): 	0e505400000001010101010101010101
[   364.861] (II) modeset(0): 	010101010101403f00afa0a028503020
[   364.861] (II) modeset(0): 	360058c210000018000000fd0030a5f4
[   364.861] (II) modeset(0): 	f443010a202020202020000000fe0042
[   364.861] (II) modeset(0): 	4f452043510a202020202020000000fe
[   364.861] (II) modeset(0): 	004e4531353651484d2d4e59320a0126
[   364.861] (II) modeset(0): 	7013790000030114e5040184ff09ae00
[   364.861] (II) modeset(0): 	2f001f009f0527000200050000000000
[   364.861] (II) modeset(0): 	00000000000000000000000000000000
[   364.861] (II) modeset(0): 	00000000000000000000000000000000
[   364.861] (II) modeset(0): 	00000000000000000000000000000000
[   364.861] (II) modeset(0): 	00000000000000000000000000000000
[   364.861] (II) modeset(0): 	00000000000000000000000000000000
[   364.861] (II) modeset(0): 	00000000000000000000000000001890
[   364.861] (II) modeset(0): Printing probed modes for output eDP-1
[   364.861] (II) modeset(0): Modeline "2560x1440"x165.0  667.90  2560 2608 2640 2735  1440 1443 1449 1480 -hsync -vsync (244.2 kHz eP)
[   364.861] (II) modeset(0): Modeline "2560x1440"x40.0  161.92  2560 2608 2640 2735  1440 1443 1449 1480 -hsync -vsync (59.2 kHz eP)
[   364.861] (II) modeset(0): Modeline "1920x1440"x85.0  341.35  1920 2072 2288 2656  1440 1441 1444 1512 -hsync +vsync (128.5 kHz d)
[   364.861] (II) modeset(0): Modeline "1920x1440"x75.0  297.00  1920 2064 2288 2640  1440 1441 1444 1500 -hsync +vsync (112.5 kHz d)
[   364.861] (II) modeset(0): Modeline "1920x1440"x60.0  234.00  1920 2048 2256 2600  1440 1441 1444 1500 -hsync +vsync (90.0 kHz d)
[   364.861] (II) modeset(0): Modeline "1856x1392"x75.0  288.00  1856 1984 2208 2560  1392 1393 1396 1500 -hsync +vsync (112.5 kHz d)
[   364.861] (II) modeset(0): Modeline "1856x1392"x60.0  218.30  1856 1952 2176 2528  1392 1393 1396 1439 -hsync +vsync (86.4 kHz d)
[   364.861] (II) modeset(0): Modeline "1792x1344"x75.0  261.00  1792 1888 2104 2456  1344 1345 1348 1417 -hsync +vsync (106.3 kHz d)
[   364.861] (II) modeset(0): Modeline "1792x1344"x60.0  204.80  1792 1920 2120 2448  1344 1345 1348 1394 -hsync +vsync (83.7 kHz d)
[   364.861] (II) modeset(0): Modeline "2048x1152"x60.0  406.50  2048 2220 2444 2840  1152 1153 1156 1193 doublescan -hsync +vsync (143.1 kHz d)
[   364.861] (II) modeset(0): Modeline "2048x1152"x60.0  302.50  2048 2072 2088 2128  1152 1153 1156 1185 doublescan +hsync -vsync (142.2 kHz d)
[   364.861] (II) modeset(0): Modeline "2048x1152"x59.9  197.00  2048 2184 2400 2752  1152 1155 1160 1195 -hsync +vsync (71.6 kHz d)
[   364.861] (II) modeset(0): Modeline "2048x1152"x59.9  156.75  2048 2096 2128 2208  1152 1155 1160 1185 +hsync -vsync (71.0 kHz d)
[   364.861] (II) modeset(0): Modeline "1920x1200"x59.9  193.25  1920 2056 2256 2592  1200 1203 1209 1245 -hsync +vsync (74.6 kHz d)
[   364.861] (II) modeset(0): Modeline "1920x1200"x60.0  154.00  1920 1968 2000 2080  1200 1203 1209 1235 +hsync -vsync (74.0 kHz d)
[   364.861] (II) modeset(0): Modeline "1920x1080"x60.0  356.38  1920 2080 2288 2656  1080 1081 1084 1118 doublescan -hsync +vsync (134.2 kHz d)
[   364.861] (II) modeset(0): Modeline "1920x1080"x60.0  266.50  1920 1944 1960 2000  1080 1081 1084 1111 doublescan +hsync -vsync (133.2 kHz d)
[   364.861] (II) modeset(0): Modeline "1920x1080"x60.0  173.00  1920 2048 2248 2576  1080 1083 1088 1120 -hsync +vsync (67.2 kHz d)
[   364.861] (II) modeset(0): Modeline "1920x1080"x59.9  138.50  1920 1968 2000 2080  1080 1083 1088 1111 +hsync -vsync (66.6 kHz d)
[   364.861] (II) modeset(0): Modeline "1600x1200"x85.0  229.50  1600 1664 1856 2160  1200 1201 1204 1250 +hsync +vsync (106.2 kHz d)
[   364.861] (II) modeset(0): Modeline "1600x1200"x75.0  202.50  1600 1664 1856 2160  1200 1201 1204 1250 +hsync +vsync (93.8 kHz d)
[   364.861] (II) modeset(0): Modeline "1600x1200"x70.0  189.00  1600 1664 1856 2160  1200 1201 1204 1250 +hsync +vsync (87.5 kHz d)
[   364.861] (II) modeset(0): Modeline "1600x1200"x65.0  175.50  1600 1664 1856 2160  1200 1201 1204 1250 +hsync +vsync (81.2 kHz d)
[   364.861] (II) modeset(0): Modeline "1600x1200"x60.0  162.00  1600 1664 1856 2160  1200 1201 1204 1250 +hsync +vsync (75.0 kHz d)
[   364.861] (II) modeset(0): Modeline "1680x1050"x60.0  146.25  1680 1784 1960 2240  1050 1053 1059 1089 -hsync +vsync (65.3 kHz d)
[   364.861] (II) modeset(0): Modeline "1680x1050"x59.9  119.00  1680 1728 1760 1840  1050 1053 1059 1080 +hsync -vsync (64.7 kHz d)
[   364.861] (II) modeset(0): Modeline "1400x1050"x74.8  155.80  1400 1464 1784 1912  1050 1052 1064 1090 +hsync +vsync (81.5 kHz d)
[   364.861] (II) modeset(0): Modeline "1400x1050"x60.0  122.00  1400 1488 1640 1880  1050 1052 1064 1082 +hsync +vsync (64.9 kHz d)
[   364.861] (II) modeset(0): Modeline "1600x900"x60.0  246.00  1600 1728 1900 2200  900 901 904 932 doublescan -hsync +vsync (111.8 kHz d)
[   364.861] (II) modeset(0): Modeline "1600x900"x59.9  186.50  1600 1624 1640 1680  900 901 904 926 doublescan +hsync -vsync (111.0 kHz d)
[   364.861] (II) modeset(0): Modeline "1600x900"x59.9  118.25  1600 1696 1856 2112  900 903 908 934 -hsync +vsync (56.0 kHz d)
[   364.861] (II) modeset(0): Modeline "1600x900"x59.8   97.50  1600 1648 1680 1760  900 903 908 926 +hsync -vsync (55.4 kHz d)
[   364.861] (II) modeset(0): Modeline "1280x1024"x85.0  157.50  1280 1344 1504 1728  1024 1025 1028 1072 +hsync +vsync (91.1 kHz d)
[   364.861] (II) modeset(0): Modeline "1280x1024"x75.0  135.00  1280 1296 1440 1688  1024 1025 1028 1066 +hsync +vsync (80.0 kHz d)
[   364.861] (II) modeset(0): Modeline "1280x1024"x60.0  108.00  1280 1328 1440 1688  1024 1025 1028 1066 +hsync +vsync (64.0 kHz d)
[   364.861] (II) modeset(0): Modeline "1400x900"x60.0  103.50  1400 1480 1624 1848  900 903 913 934 -hsync +vsync (56.0 kHz d)
[   364.861] (II) modeset(0): Modeline "1400x900"x59.9   86.50  1400 1448 1480 1560  900 903 913 926 +hsync -vsync (55.4 kHz d)
[   364.861] (II) modeset(0): Modeline "1280x960"x85.0  148.50  1280 1344 1504 1728  960 961 964 1011 +hsync +vsync (85.9 kHz d)
[   364.861] (II) modeset(0): Modeline "1280x960"x60.0  108.00  1280 1376 1488 1800  960 961 964 1000 +hsync +vsync (60.0 kHz d)
[   364.861] (II) modeset(0): Modeline "1440x810"x60.0  198.12  1440 1548 1704 1968  810 811 814 839 doublescan -hsync +vsync (100.7 kHz d)
[   364.861] (II) modeset(0): Modeline "1440x810"x60.0  151.88  1440 1464 1480 1520  810 811 814 833 doublescan +hsync -vsync (99.9 kHz d)
[   364.861] (II) modeset(0): Modeline "1368x768"x59.9   85.25  1368 1440 1576 1784  768 771 781 798 -hsync +vsync (47.8 kHz d)
[   364.861] (II) modeset(0): Modeline "1368x768"x59.9   72.25  1368 1416 1448 1528  768 771 781 790 +hsync -vsync (47.3 kHz d)
[   364.861] (II) modeset(0): Modeline "1280x800"x60.0  174.25  1280 1380 1516 1752  800 801 804 829 doublescan -hsync +vsync (99.5 kHz d)
[   364.861] (II) modeset(0): Modeline "1280x800"x60.0  134.25  1280 1304 1320 1360  800 801 804 823 doublescan +hsync -vsync (98.7 kHz d)
[   364.861] (II) modeset(0): Modeline "1280x800"x59.8   83.50  1280 1352 1480 1680  800 803 809 831 -hsync +vsync (49.7 kHz d)
[   364.861] (II) modeset(0): Modeline "1280x800"x59.9   71.00  1280 1328 1360 1440  800 803 809 823 +hsync -vsync (49.3 kHz d)
[   364.861] (II) modeset(0): Modeline "1152x864"x75.0  108.00  1152 1216 1344 1600  864 865 868 900 +hsync +vsync (67.5 kHz d)
[   364.861] (II) modeset(0): Modeline "1280x720"x60.0  156.12  1280 1376 1512 1744  720 721 724 746 doublescan -hsync +vsync (89.5 kHz d)
[   364.861] (II) modeset(0): Modeline "1280x720"x60.0  120.75  1280 1304 1320 1360  720 721 724 740 doublescan +hsync -vsync (88.8 kHz d)
[   364.861] (II) modeset(0): Modeline "1280x720"x59.9   74.50  1280 1344 1472 1664  720 723 728 748 -hsync +vsync (44.8 kHz d)
[   364.861] (II) modeset(0): Modeline "1280x720"x59.7   63.75  1280 1328 1360 1440  720 723 728 741 +hsync -vsync (44.3 kHz d)
[   364.861] (II) modeset(0): Modeline "1024x768"x85.0  194.02  1024 1108 1220 1416  768 768 770 806 doublescan -hsync +vsync (137.0 kHz d)
[   364.861] (II) modeset(0): Modeline "1024x768"x75.0  170.24  1024 1108 1220 1416  768 768 770 801 doublescan -hsync +vsync (120.2 kHz d)
[   364.861] (II) modeset(0): Modeline "1024x768"x60.0  133.47  1024 1100 1212 1400  768 768 770 794 doublescan -hsync +vsync (95.3 kHz d)
[   364.861] (II) modeset(0): Modeline "1024x768"x85.0   94.50  1024 1072 1168 1376  768 769 772 808 +hsync +vsync (68.7 kHz d)
[   364.861] (II) modeset(0): Modeline "1024x768"x75.0   78.75  1024 1040 1136 1312  768 769 772 800 +hsync +vsync (60.0 kHz d)
[   364.861] (II) modeset(0): Modeline "1024x768"x70.1   75.00  1024 1048 1184 1328  768 771 777 806 -hsync -vsync (56.5 kHz d)
[   364.861] (II) modeset(0): Modeline "1024x768"x60.0   65.00  1024 1048 1184 1344  768 771 777 806 -hsync -vsync (48.4 kHz d)
[   364.861] (II) modeset(0): Modeline "1024x768i"x87.0   44.90  1024 1032 1208 1264  768 768 776 817 interlace +hsync +vsync (35.5 kHz d)
[   364.861] (II) modeset(0): Modeline "960x720"x85.0  170.68  960 1036 1144 1328  720 720 722 756 doublescan -hsync +vsync (128.5 kHz d)
[   364.861] (II) modeset(0): Modeline "960x720"x75.0  148.50  960 1032 1144 1320  720 720 722 750 doublescan -hsync +vsync (112.5 kHz d)
[   364.861] (II) modeset(0): Modeline "960x720"x60.0  117.00  960 1024 1128 1300  720 720 722 750 doublescan -hsync +vsync (90.0 kHz d)
[   364.861] (II) modeset(0): Modeline "928x696"x75.0  144.00  928 992 1104 1280  696 696 698 750 doublescan -hsync +vsync (112.5 kHz d)
[   364.861] (II) modeset(0): Modeline "928x696"x60.1  109.15  928 976 1088 1264  696 696 698 719 doublescan -hsync +vsync (86.4 kHz d)
[   364.861] (II) modeset(0): Modeline "896x672"x75.0  130.50  896 944 1052 1228  672 672 674 708 doublescan -hsync +vsync (106.3 kHz d)
[   364.861] (II) modeset(0): Modeline "896x672"x60.0  102.40  896 960 1060 1224  672 672 674 697 doublescan -hsync +vsync (83.7 kHz d)
[   364.861] (II) modeset(0): Modeline "1024x576"x60.0   98.50  1024 1092 1200 1376  576 577 580 597 doublescan -hsync +vsync (71.6 kHz d)
[   364.861] (II) modeset(0): Modeline "1024x576"x60.0   78.38  1024 1048 1064 1104  576 577 580 592 doublescan +hsync -vsync (71.0 kHz d)
[   364.861] (II) modeset(0): Modeline "1024x576"x59.9   46.50  1024 1064 1160 1296  576 579 584 599 -hsync +vsync (35.9 kHz d)
[   364.861] (II) modeset(0): Modeline "1024x576"x59.8   42.00  1024 1072 1104 1184  576 579 584 593 +hsync -vsync (35.5 kHz d)
[   364.861] (II) modeset(0): Modeline "960x600"x59.9   96.62  960 1028 1128 1296  600 601 604 622 doublescan -hsync +vsync (74.6 kHz d)
[   364.861] (II) modeset(0): Modeline "960x600"x60.0   77.00  960 984 1000 1040  600 601 604 617 doublescan +hsync -vsync (74.0 kHz d)
[   364.861] (II) modeset(0): Modeline "832x624"x74.6   57.28  832 864 928 1152  624 625 628 667 -hsync -vsync (49.7 kHz d)
[   364.861] (II) modeset(0): Modeline "960x540"x60.0   86.50  960 1024 1124 1288  540 541 544 560 doublescan -hsync +vsync (67.2 kHz d)
[   364.861] (II) modeset(0): Modeline "960x540"x60.0   69.25  960 984 1000 1040  540 541 544 555 doublescan +hsync -vsync (66.6 kHz d)
[   364.861] (II) modeset(0): Modeline "960x540"x59.6   40.75  960 992 1088 1216  540 543 548 562 -hsync +vsync (33.5 kHz d)
[   364.861] (II) modeset(0): Modeline "960x540"x59.8   37.25  960 1008 1040 1120  540 543 548 556 +hsync -vsync (33.3 kHz d)
[   364.861] (II) modeset(0): Modeline "800x600"x85.0  114.75  800 832 928 1080  600 600 602 625 doublescan +hsync +vsync (106.2 kHz d)
[   364.861] (II) modeset(0): Modeline "800x600"x75.0  101.25  800 832 928 1080  600 600 602 625 doublescan +hsync +vsync (93.8 kHz d)
[   364.861] (II) modeset(0): Modeline "800x600"x70.0   94.50  800 832 928 1080  600 600 602 625 doublescan +hsync +vsync (87.5 kHz d)
[   364.861] (II) modeset(0): Modeline "800x600"x65.0   87.75  800 832 928 1080  600 600 602 625 doublescan +hsync +vsync (81.2 kHz d)
[   364.861] (II) modeset(0): Modeline "800x600"x60.0   81.00  800 832 928 1080  600 600 602 625 doublescan +hsync +vsync (75.0 kHz d)
[   364.861] (II) modeset(0): Modeline "800x600"x85.1   56.30  800 832 896 1048  600 601 604 631 +hsync +vsync (53.7 kHz d)
[   364.861] (II) modeset(0): Modeline "800x600"x72.2   50.00  800 856 976 1040  600 637 643 666 +hsync +vsync (48.1 kHz d)
[   364.861] (II) modeset(0): Modeline "800x600"x75.0   49.50  800 816 896 1056  600 601 604 625 +hsync +vsync (46.9 kHz d)
[   364.861] (II) modeset(0): Modeline "800x600"x60.3   40.00  800 840 968 1056  600 601 605 628 +hsync +vsync (37.9 kHz d)
[   364.861] (II) modeset(0): Modeline "800x600"x56.2   36.00  800 824 896 1024  600 601 603 625 +hsync +vsync (35.2 kHz d)
[   364.861] (II) modeset(0): Modeline "840x525"x60.0   73.12  840 892 980 1120  525 526 529 544 doublescan -hsync +vsync (65.3 kHz d)
[   364.861] (II) modeset(0): Modeline "840x525"x59.9   59.50  840 864 880 920  525 526 529 540 doublescan +hsync -vsync (64.7 kHz d)
[   364.861] (II) modeset(0): Modeline "864x486"x59.9   32.50  864 888 968 1072  486 489 494 506 -hsync +vsync (30.3 kHz d)
[   364.861] (II) modeset(0): Modeline "864x486"x59.6   30.50  864 912 944 1024  486 489 494 500 +hsync -vsync (29.8 kHz d)
[   364.861] (II) modeset(0): Modeline "700x525"x74.8   77.90  700 732 892 956  525 526 532 545 doublescan +hsync +vsync (81.5 kHz d)
[   364.861] (II) modeset(0): Modeline "700x525"x60.0   61.00  700 744 820 940  525 526 532 541 doublescan +hsync +vsync (64.9 kHz d)
[   364.861] (II) modeset(0): Modeline "800x450"x59.9   59.12  800 848 928 1056  450 451 454 467 doublescan -hsync +vsync (56.0 kHz d)
[   364.861] (II) modeset(0): Modeline "800x450"x59.8   48.75  800 824 840 880  450 451 454 463 doublescan +hsync -vsync (55.4 kHz d)
[   364.861] (II) modeset(0): Modeline "640x512"x85.0   78.75  640 672 752 864  512 512 514 536 doublescan +hsync +vsync (91.1 kHz d)
[   364.861] (II) modeset(0): Modeline "640x512"x75.0   67.50  640 648 720 844  512 512 514 533 doublescan +hsync +vsync (80.0 kHz d)
[   364.861] (II) modeset(0): Modeline "640x512"x60.0   54.00  640 664 720 844  512 512 514 533 doublescan +hsync +vsync (64.0 kHz d)
[   364.861] (II) modeset(0): Modeline "700x450"x60.0   51.75  700 740 812 924  450 451 456 467 doublescan -hsync +vsync (56.0 kHz d)
[   364.861] (II) modeset(0): Modeline "700x450"x59.9   43.25  700 724 740 780  450 451 456 463 doublescan +hsync -vsync (55.4 kHz d)
[   364.861] (II) modeset(0): Modeline "640x480"x85.1   74.25  640 672 752 864  480 480 482 505 doublescan +hsync +vsync (85.9 kHz d)
[   364.861] (II) modeset(0): Modeline "640x480"x60.0   54.00  640 688 744 900  480 480 482 500 doublescan +hsync +vsync (60.0 kHz d)
[   364.861] (II) modeset(0): Modeline "640x480"x85.0   36.00  640 696 752 832  480 481 484 509 -hsync -vsync (43.3 kHz d)
[   364.861] (II) modeset(0): Modeline "640x480"x72.8   31.50  640 664 704 832  480 489 492 520 -hsync -vsync (37.9 kHz d)
[   364.861] (II) modeset(0): Modeline "640x480"x75.0   31.50  640 656 720 840  480 481 484 500 -hsync -vsync (37.5 kHz d)
[   364.861] (II) modeset(0): Modeline "640x480"x59.9   25.18  640 656 752 800  480 490 492 525 -hsync -vsync (31.5 kHz d)
[   364.861] (II) modeset(0): Modeline "720x405"x59.5   22.50  720 744 808 896  405 408 413 422 -hsync +vsync (25.1 kHz d)
[   364.861] (II) modeset(0): Modeline "720x405"x59.0   21.75  720 768 800 880  405 408 413 419 +hsync -vsync (24.7 kHz d)
[   364.861] (II) modeset(0): Modeline "720x400"x85.0   35.50  720 756 828 936  400 401 404 446 -hsync +vsync (37.9 kHz d)
[   364.861] (II) modeset(0): Modeline "684x384"x59.9   42.62  684 720 788 892  384 385 390 399 doublescan -hsync +vsync (47.8 kHz d)
[   364.861] (II) modeset(0): Modeline "684x384"x59.9   36.12  684 708 724 764  384 385 390 395 doublescan +hsync -vsync (47.3 kHz d)
[   364.861] (II) modeset(0): Modeline "640x400"x59.9   41.75  640 676 740 840  400 401 404 415 doublescan -hsync +vsync (49.7 kHz d)
[   364.861] (II) modeset(0): Modeline "640x400"x60.0   35.50  640 664 680 720  400 401 404 411 doublescan +hsync -vsync (49.3 kHz d)
[   364.861] (II) modeset(0): Modeline "640x400"x85.1   31.50  640 672 736 832  400 401 404 445 -hsync +vsync (37.9 kHz d)
[   364.861] (II) modeset(0): Modeline "576x432"x75.0   54.00  576 608 672 800  432 432 434 450 doublescan +hsync +vsync (67.5 kHz d)
[   364.861] (II) modeset(0): Modeline "640x360"x59.9   37.25  640 672 736 832  360 361 364 374 doublescan -hsync +vsync (44.8 kHz d)
[   364.861] (II) modeset(0): Modeline "640x360"x59.8   31.88  640 664 680 720  360 361 364 370 doublescan +hsync -vsync (44.3 kHz d)
[   364.861] (II) modeset(0): Modeline "640x360"x59.8   18.00  640 664 720 800  360 363 368 376 -hsync +vsync (22.5 kHz d)
[   364.861] (II) modeset(0): Modeline "640x360"x59.3   17.75  640 688 720 800  360 363 368 374 +hsync -vsync (22.2 kHz d)
[   364.861] (II) modeset(0): Modeline "640x350"x85.1   31.50  640 672 736 832  350 382 385 445 +hsync -vsync (37.9 kHz d)
[   364.861] (II) modeset(0): Modeline "512x384"x85.0   47.25  512 536 584 688  384 384 386 404 doublescan +hsync +vsync (68.7 kHz d)
[   364.861] (II) modeset(0): Modeline "512x384"x75.0   39.38  512 520 568 656  384 384 386 400 doublescan +hsync +vsync (60.0 kHz d)
[   364.861] (II) modeset(0): Modeline "512x384"x70.1   37.50  512 524 592 664  384 385 388 403 doublescan -hsync -vsync (56.5 kHz d)
[   364.861] (II) modeset(0): Modeline "512x384"x60.0   32.50  512 524 592 672  384 385 388 403 doublescan -hsync -vsync (48.4 kHz d)
[   364.861] (II) modeset(0): Modeline "512x384i"x87.1   22.45  512 516 604 632  384 384 388 408 interlace doublescan +hsync +vsync (35.5 kHz d)
[   364.861] (II) modeset(0): Modeline "512x288"x60.0   23.25  512 532 580 648  288 289 292 299 doublescan -hsync +vsync (35.9 kHz d)
[   364.861] (II) modeset(0): Modeline "512x288"x59.9   21.00  512 536 552 592  288 289 292 296 doublescan +hsync -vsync (35.5 kHz d)
[   364.861] (II) modeset(0): Modeline "416x312"x74.7   28.64  416 432 464 576  312 312 314 333 doublescan -hsync -vsync (49.7 kHz d)
[   364.861] (II) modeset(0): Modeline "480x270"x59.6   20.38  480 496 544 608  270 271 274 281 doublescan -hsync +vsync (33.5 kHz d)
[   364.861] (II) modeset(0): Modeline "480x270"x59.8   18.62  480 504 520 560  270 271 274 278 doublescan +hsync -vsync (33.3 kHz d)
[   364.861] (II) modeset(0): Modeline "400x300"x85.3   28.15  400 416 448 524  300 300 302 315 doublescan +hsync +vsync (53.7 kHz d)
[   364.861] (II) modeset(0): Modeline "400x300"x72.2   25.00  400 428 488 520  300 318 321 333 doublescan +hsync +vsync (48.1 kHz d)
[   364.861] (II) modeset(0): Modeline "400x300"x75.1   24.75  400 408 448 528  300 300 302 312 doublescan +hsync +vsync (46.9 kHz d)
[   364.861] (II) modeset(0): Modeline "400x300"x60.3   20.00  400 420 484 528  300 300 302 314 doublescan +hsync +vsync (37.9 kHz d)
[   364.861] (II) modeset(0): Modeline "400x300"x56.3   18.00  400 412 448 512  300 300 301 312 doublescan +hsync +vsync (35.2 kHz d)
[   364.861] (II) modeset(0): Modeline "432x243"x59.9   16.25  432 444 484 536  243 244 247 253 doublescan -hsync +vsync (30.3 kHz d)
[   364.861] (II) modeset(0): Modeline "432x243"x59.6   15.25  432 456 472 512  243 244 247 250 doublescan +hsync -vsync (29.8 kHz d)
[   364.861] (II) modeset(0): Modeline "320x240"x85.2   18.00  320 348 376 416  240 240 242 254 doublescan -hsync -vsync (43.3 kHz d)
[   364.861] (II) modeset(0): Modeline "320x240"x72.8   15.75  320 332 352 416  240 244 246 260 doublescan -hsync -vsync (37.9 kHz d)
[   364.861] (II) modeset(0): Modeline "320x240"x75.0   15.75  320 328 360 420  240 240 242 250 doublescan -hsync -vsync (37.5 kHz d)
[   364.861] (II) modeset(0): Modeline "320x240"x60.1   12.59  320 328 376 400  240 245 246 262 doublescan -hsync -vsync (31.5 kHz d)
[   364.861] (II) modeset(0): Modeline "360x202"x59.5   11.25  360 372 404 448  202 204 206 211 doublescan -hsync +vsync (25.1 kHz d)
[   364.861] (II) modeset(0): Modeline "360x202"x59.1   10.88  360 384 400 440  202 204 206 209 doublescan +hsync -vsync (24.7 kHz d)
[   364.861] (II) modeset(0): Modeline "360x200"x85.0   17.75  360 378 414 468  200 200 202 223 doublescan -hsync +vsync (37.9 kHz d)
[   364.861] (II) modeset(0): Modeline "320x200"x85.3   15.75  320 336 368 416  200 200 202 222 doublescan -hsync +vsync (37.9 kHz d)
[   364.861] (II) modeset(0): Modeline "320x180"x59.8    9.00  320 332 360 400  180 181 184 188 doublescan -hsync +vsync (22.5 kHz d)
[   364.861] (II) modeset(0): Modeline "320x180"x59.3    8.88  320 344 360 400  180 181 184 187 doublescan +hsync -vsync (22.2 kHz d)
[   364.861] (II) modeset(0): Modeline "320x175"x85.3   15.75  320 336 368 416  175 191 192 222 doublescan +hsync -vsync (37.9 kHz d)
[   364.861] (II) modeset(0): EDID for output DP-1
[   364.861] (II) modeset(0): EDID for output DP-2
[   364.861] (II) modeset(0): Output eDP-1 connected
[   364.861] (II) modeset(0): Output DP-1 disconnected
[   364.861] (II) modeset(0): Output DP-2 disconnected
[   364.861] (II) modeset(0): Using exact sizes for initial modes
[   364.862] (II) modeset(0): Output eDP-1 using initial mode 2560x1440 +0+0
[   364.862] (==) modeset(0): Using gamma correction (1.0, 1.0, 1.0)
[   364.862] (==) modeset(0): DPI set to (96, 96)
[   364.862] (II) Loading sub module "fb"
[   364.862] (II) LoadModule: "fb"
[   364.862] (II) Module "fb" already built-in
[   364.910] (==) modeset(0): Backing store enabled
[   364.910] (==) modeset(0): Silken mouse enabled
[   364.936] (II) modeset(0): Initializing kms color map for depth 24, 8 bpc.
[   364.936] (==) modeset(0): DPMS enabled
[   364.936] (WW) modeset(0): Option "DRI" is not used
[   364.936] (II) modeset(0): [DRI2] Setup complete
[   364.936] (II) modeset(0): [DRI2]   DRI driver: iris
[   364.936] (II) modeset(0): [DRI2]   VDPAU driver: va_gl
[   364.936] (II) Initializing extension Generic Event Extension
[   364.937] (II) Initializing extension SHAPE
[   364.937] (II) Initializing extension MIT-SHM
[   364.937] (II) Initializing extension XInputExtension
[   364.937] (II) Initializing extension XTEST
[   364.938] (II) Initializing extension BIG-REQUESTS
[   364.938] (II) Initializing extension SYNC
[   364.938] (II) Initializing extension XKEYBOARD
[   364.938] (II) Initializing extension XC-MISC
[   364.938] (II) Initializing extension SECURITY
[   364.939] (II) Initializing extension XFIXES
[   364.939] (II) Initializing extension RENDER
[   364.939] (II) Initializing extension RANDR
[   364.939] (II) Initializing extension COMPOSITE
[   364.940] (II) Initializing extension DAMAGE
[   364.940] (II) Initializing extension MIT-SCREEN-SAVER
[   364.940] (II) Initializing extension DOUBLE-BUFFER
[   364.940] (II) Initializing extension RECORD
[   364.940] (II) Initializing extension DPMS
[   364.941] (II) Initializing extension Present
[   364.941] (II) Initializing extension DRI3
[   364.941] (II) Initializing extension X-Resource
[   364.941] (II) Initializing extension XVideo
[   364.941] (II) Initializing extension XVideo-MotionCompensation
[   364.941] (II) Initializing extension GLX
[   364.952] (II) AIGLX: Loaded and initialized iris
[   364.952] (II) GLX: Initialized DRI2 GL provider for screen 0
[   364.952] (II) Initializing extension XFree86-VidModeExtension
[   364.952] (II) Initializing extension XFree86-DGA
[   364.953] (II) Initializing extension XFree86-DRI
[   364.953] (II) Initializing extension DRI2
[   364.953] (II) modeset(0): Damage tracking initialized
[   364.953] (II) modeset(0): Setting screen physical size to 677 x 381
[   364.979] (II) config/udev: Adding input device Video Bus (/dev/input/event4)
[   364.979] (**) Video Bus: Applying InputClass "libinput keyboard catchall"
[   364.979] (II) LoadModule: "libinput"
[   364.979] (II) Loading /usr/lib/xorg/modules/input/libinput_drv.so
[   364.980] (II) Module libinput: vendor="X.Org Foundation"
[   364.980] 	compiled for 1.21.1.3, module version = 1.2.1
[   364.980] 	Module class: X.Org XInput Driver
[   364.980] 	ABI class: X.Org XInput driver, version 24.4
[   364.980] (II) Using input driver 'libinput' for 'Video Bus'
[   364.980] (II) systemd-logind: got fd for /dev/input/event4 13:68 fd 29 paused 0
[   364.980] (**) Video Bus: always reports core events
[   364.980] (**) Option "Device" "/dev/input/event4"
[   364.982] (II) event4  - Video Bus: is tagged by udev as: Keyboard
[   364.982] (II) event4  - Video Bus: device is a keyboard
[   364.982] (II) event4  - Video Bus: device removed
[   364.982] (**) Option "config_info" "udev:/sys/devices/LNXSYSTM:00/LNXSYBUS:00/PNP0A08:00/LNXVIDEO:01/input/input4/event4"
[   364.982] (II) XINPUT: Adding extended input device "Video Bus" (type: KEYBOARD, id 6)
[   364.982] (II) event4  - Video Bus: is tagged by udev as: Keyboard
[   364.982] (II) event4  - Video Bus: device is a keyboard
[   364.982] (II) config/udev: Adding input device Video Bus (/dev/input/event3)
[   364.982] (**) Video Bus: Applying InputClass "libinput keyboard catchall"
[   364.982] (II) Using input driver 'libinput' for 'Video Bus'
[   364.983] (II) systemd-logind: got fd for /dev/input/event3 13:67 fd 32 paused 0
[   364.983] (**) Video Bus: always reports core events
[   364.983] (**) Option "Device" "/dev/input/event3"
[   364.983] (II) event3  - Video Bus: is tagged by udev as: Keyboard
[   364.983] (II) event3  - Video Bus: device is a keyboard
[   364.983] (II) event3  - Video Bus: device removed
[   364.983] (**) Option "config_info" "udev:/sys/devices/LNXSYSTM:00/LNXSYBUS:00/PNP0A08:00/device:00/LNXVIDEO:00/input/input3/event3"
[   364.983] (II) XINPUT: Adding extended input device "Video Bus" (type: KEYBOARD, id 7)
[   364.984] (II) event3  - Video Bus: is tagged by udev as: Keyboard
[   364.984] (II) event3  - Video Bus: device is a keyboard
[   364.984] (II) config/udev: Adding input device Power Button (/dev/input/event1)
[   364.984] (**) Power Button: Applying InputClass "libinput keyboard catchall"
[   364.984] (II) Using input driver 'libinput' for 'Power Button'
[   364.984] (II) systemd-logind: got fd for /dev/input/event1 13:65 fd 33 paused 0
[   364.984] (**) Power Button: always reports core events
[   364.984] (**) Option "Device" "/dev/input/event1"
[   364.985] (II) event1  - Power Button: is tagged by udev as: Keyboard
[   364.985] (II) event1  - Power Button: device is a keyboard
[   364.985] (II) event1  - Power Button: device removed
[   364.985] (**) Option "config_info" "udev:/sys/devices/LNXSYSTM:00/LNXSYBUS:00/PNP0C0C:00/input/input1/event1"
[   364.985] (II) XINPUT: Adding extended input device "Power Button" (type: KEYBOARD, id 8)
[   364.985] (II) event1  - Power Button: is tagged by udev as: Keyboard
[   364.985] (II) event1  - Power Button: device is a keyboard
[   364.985] (II) config/udev: Adding input device Lid Switch (/dev/input/event2)
[   364.985] (II) No input driver specified, ignoring this device.
[   364.985] (II) This device may have been added with another device file.
[   364.985] (II) config/udev: Adding input device Sleep Button (/dev/input/event0)
[   364.985] (**) Sleep Button: Applying InputClass "libinput keyboard catchall"
[   364.985] (II) Using input driver 'libinput' for 'Sleep Button'
[   364.986] (II) systemd-logind: got fd for /dev/input/event0 13:64 fd 34 paused 0
[   364.986] (**) Sleep Button: always reports core events
[   364.986] (**) Option "Device" "/dev/input/event0"
[   364.986] (II) event0  - Sleep Button: is tagged by udev as: Keyboard
[   364.986] (II) event0  - Sleep Button: device is a keyboard
[   364.986] (II) event0  - Sleep Button: device removed
[   364.986] (**) Option "config_info" "udev:/sys/devices/LNXSYSTM:00/LNXSYBUS:00/PNP0C0E:00/input/input0/event0"
[   364.986] (II) XINPUT: Adding extended input device "Sleep Button" (type: KEYBOARD, id 9)
[   364.986] (II) event0  - Sleep Button: is tagged by udev as: Keyboard
[   364.986] (II) event0  - Sleep Button: device is a keyboard
[   364.986] (II) config/udev: Adding input device HDA NVidia HDMI/DP,pcm=3 (/dev/input/event12)
[   364.986] (II) No input driver specified, ignoring this device.
[   364.986] (II) This device may have been added with another device file.
[   364.987] (II) config/udev: Adding input device HDA NVidia HDMI/DP,pcm=7 (/dev/input/event16)
[   364.987] (II) No input driver specified, ignoring this device.
[   364.987] (II) This device may have been added with another device file.
[   364.987] (II) config/udev: Adding input device HDA NVidia HDMI/DP,pcm=8 (/dev/input/event13)
[   364.987] (II) No input driver specified, ignoring this device.
[   364.987] (II) This device may have been added with another device file.
[   364.987] (II) config/udev: Adding input device HDA NVidia HDMI/DP,pcm=9 (/dev/input/event17)
[   364.987] (II) No input driver specified, ignoring this device.
[   364.987] (II) This device may have been added with another device file.
[   364.987] (II) config/udev: Adding input device HDA NVidia HDMI/DP,pcm=10 (/dev/input/event18)
[   364.987] (II) No input driver specified, ignoring this device.
[   364.987] (II) This device may have been added with another device file.
[   364.987] (II) config/udev: Adding input device HDA NVidia HDMI/DP,pcm=11 (/dev/input/event19)
[   364.987] (II) No input driver specified, ignoring this device.
[   364.987] (II) This device may have been added with another device file.
[   364.987] (II) config/udev: Adding input device Logitech Mechanical keyboard Logitech Mechanical keyboard (/dev/input/event6)
[   364.987] (**) Logitech Mechanical keyboard Logitech Mechanical keyboard: Applying InputClass "libinput keyboard catchall"
[   364.987] (II) Using input driver 'libinput' for 'Logitech Mechanical keyboard Logitech Mechanical keyboard'
[   364.988] (II) systemd-logind: got fd for /dev/input/event6 13:70 fd 35 paused 0
[   364.988] (**) Logitech Mechanical keyboard Logitech Mechanical keyboard: always reports core events
[   364.988] (**) Option "Device" "/dev/input/event6"
[   364.988] (II) event6  - Logitech Mechanical keyboard Logitech Mechanical keyboard: is tagged by udev as: Keyboard
[   364.988] (II) event6  - Logitech Mechanical keyboard Logitech Mechanical keyboard: device is a keyboard
[   364.988] (II) event6  - Logitech Mechanical keyboard Logitech Mechanical keyboard: device removed
[   364.988] (**) Option "config_info" "udev:/sys/devices/pci0000:00/0000:00:14.0/usb3/3-1/3-1:1.0/0003:046D:C341.0001/input/input6/event6"
[   364.988] (II) XINPUT: Adding extended input device "Logitech Mechanical keyboard Logitech Mechanical keyboard" (type: KEYBOARD, id 10)
[   364.989] (II) event6  - Logitech Mechanical keyboard Logitech Mechanical keyboard: is tagged by udev as: Keyboard
[   364.989] (II) event6  - Logitech Mechanical keyboard Logitech Mechanical keyboard: device is a keyboard
[   364.989] (II) config/udev: Adding input device Logitech Mechanical keyboard Logitech Mechanical keyboard Keyboard (/dev/input/event7)
[   364.989] (**) Logitech Mechanical keyboard Logitech Mechanical keyboard Keyboard: Applying InputClass "libinput keyboard catchall"
[   364.989] (II) Using input driver 'libinput' for 'Logitech Mechanical keyboard Logitech Mechanical keyboard Keyboard'
[   364.990] (II) systemd-logind: got fd for /dev/input/event7 13:71 fd 36 paused 0
[   364.990] (**) Logitech Mechanical keyboard Logitech Mechanical keyboard Keyboard: always reports core events
[   364.990] (**) Option "Device" "/dev/input/event7"
[   364.990] (II) event7  - Logitech Mechanical keyboard Logitech Mechanical keyboard Keyboard: is tagged by udev as: Keyboard
[   364.990] (II) event7  - Logitech Mechanical keyboard Logitech Mechanical keyboard Keyboard: device is a keyboard
[   364.990] (II) event7  - Logitech Mechanical keyboard Logitech Mechanical keyboard Keyboard: device removed
[   364.990] (II) libinput: Logitech Mechanical keyboard Logitech Mechanical keyboard Keyboard: needs a virtual subdevice
[   364.990] (**) Option "config_info" "udev:/sys/devices/pci0000:00/0000:00:14.0/usb3/3-1/3-1:1.1/0003:046D:C341.0002/input/input7/event7"
[   364.990] (II) XINPUT: Adding extended input device "Logitech Mechanical keyboard Logitech Mechanical keyboard Keyboard" (type: MOUSE, id 11)
[   364.990] (**) Option "AccelerationScheme" "none"
[   364.990] (**) Logitech Mechanical keyboard Logitech Mechanical keyboard Keyboard: (accel) selected scheme none/0
[   364.990] (**) Logitech Mechanical keyboard Logitech Mechanical keyboard Keyboard: (accel) acceleration factor: 2.000
[   364.990] (**) Logitech Mechanical keyboard Logitech Mechanical keyboard Keyboard: (accel) acceleration threshold: 4
[   364.991] (II) event7  - Logitech Mechanical keyboard Logitech Mechanical keyboard Keyboard: is tagged by udev as: Keyboard
[   364.991] (II) event7  - Logitech Mechanical keyboard Logitech Mechanical keyboard Keyboard: device is a keyboard
[   364.991] (II) config/udev: Adding input device HD Webcam: HD Webcam (/dev/input/event14)
[   364.991] (**) HD Webcam: HD Webcam: Applying InputClass "libinput keyboard catchall"
[   364.991] (II) Using input driver 'libinput' for 'HD Webcam: HD Webcam'
[   364.992] (II) systemd-logind: got fd for /dev/input/event14 13:78 fd 37 paused 0
[   364.992] (**) HD Webcam: HD Webcam: always reports core events
[   364.992] (**) Option "Device" "/dev/input/event14"
[   364.992] (II) event14 - HD Webcam: HD Webcam: is tagged by udev as: Keyboard
[   364.992] (II) event14 - HD Webcam: HD Webcam: device is a keyboard
[   364.992] (II) event14 - HD Webcam: HD Webcam: device removed
[   364.992] (**) Option "config_info" "udev:/sys/devices/pci0000:00/0000:00:14.0/usb3/3-13/3-13:1.0/input/input16/event14"
[   364.992] (II) XINPUT: Adding extended input device "HD Webcam: HD Webcam" (type: KEYBOARD, id 12)
[   364.992] (II) event14 - HD Webcam: HD Webcam: is tagged by udev as: Keyboard
[   364.992] (II) event14 - HD Webcam: HD Webcam: device is a keyboard
[   364.993] (II) config/udev: Adding input device HD Webcam: IR Camera (/dev/input/event15)
[   364.993] (**) HD Webcam: IR Camera: Applying InputClass "libinput keyboard catchall"
[   364.993] (II) Using input driver 'libinput' for 'HD Webcam: IR Camera'
[   364.993] (II) systemd-logind: got fd for /dev/input/event15 13:79 fd 38 paused 0
[   364.993] (**) HD Webcam: IR Camera: always reports core events
[   364.993] (**) Option "Device" "/dev/input/event15"
[   364.994] (II) event15 - HD Webcam: IR Camera: is tagged by udev as: Keyboard
[   364.994] (II) event15 - HD Webcam: IR Camera: device is a keyboard
[   364.994] (II) event15 - HD Webcam: IR Camera: device removed
[   364.994] (**) Option "config_info" "udev:/sys/devices/pci0000:00/0000:00:14.0/usb3/3-13/3-13:1.2/input/input17/event15"
[   364.994] (II) XINPUT: Adding extended input device "HD Webcam: IR Camera" (type: KEYBOARD, id 13)
[   364.994] (II) event15 - HD Webcam: IR Camera: is tagged by udev as: Keyboard
[   364.994] (II) event15 - HD Webcam: IR Camera: device is a keyboard
[   364.994] (II) config/udev: Adding input device Logitech G102 LIGHTSYNC Gaming Mouse (/dev/input/event8)
[   364.994] (**) Logitech G102 LIGHTSYNC Gaming Mouse: Applying InputClass "libinput pointer catchall"
[   364.994] (II) Using input driver 'libinput' for 'Logitech G102 LIGHTSYNC Gaming Mouse'
[   365.050] (II) systemd-logind: got fd for /dev/input/event8 13:72 fd 39 paused 0
[   365.050] (**) Logitech G102 LIGHTSYNC Gaming Mouse: always reports core events
[   365.050] (**) Option "Device" "/dev/input/event8"
[   365.052] (II) event8  - Logitech G102 LIGHTSYNC Gaming Mouse: is tagged by udev as: Mouse
[   365.052] (II) event8  - Logitech G102 LIGHTSYNC Gaming Mouse: device is a pointer
[   365.052] (II) event8  - Logitech G102 LIGHTSYNC Gaming Mouse: device removed
[   365.052] (**) Option "config_info" "udev:/sys/devices/pci0000:00/0000:00:14.0/usb3/3-2/3-2:1.0/0003:046D:C092.0004/input/input8/event8"
[   365.053] (II) XINPUT: Adding extended input device "Logitech G102 LIGHTSYNC Gaming Mouse" (type: MOUSE, id 14)
[   365.053] (**) Option "AccelerationScheme" "none"
[   365.053] (**) Logitech G102 LIGHTSYNC Gaming Mouse: (accel) selected scheme none/0
[   365.053] (**) Logitech G102 LIGHTSYNC Gaming Mouse: (accel) acceleration factor: 2.000
[   365.053] (**) Logitech G102 LIGHTSYNC Gaming Mouse: (accel) acceleration threshold: 4
[   365.054] (II) event8  - Logitech G102 LIGHTSYNC Gaming Mouse: is tagged by udev as: Mouse
[   365.055] (II) event8  - Logitech G102 LIGHTSYNC Gaming Mouse: device is a pointer
[   365.056] (II) config/udev: Adding input device Logitech G102 LIGHTSYNC Gaming Mouse (/dev/input/mouse0)
[   365.056] (II) No input driver specified, ignoring this device.
[   365.056] (II) This device may have been added with another device file.
[   365.057] (II) config/udev: Adding input device Logitech G102 LIGHTSYNC Gaming Mouse Keyboard (/dev/input/event9)
[   365.057] (**) Logitech G102 LIGHTSYNC Gaming Mouse Keyboard: Applying InputClass "libinput keyboard catchall"
[   365.057] (II) Using input driver 'libinput' for 'Logitech G102 LIGHTSYNC Gaming Mouse Keyboard'
[   365.058] (II) systemd-logind: got fd for /dev/input/event9 13:73 fd 40 paused 0
[   365.058] (**) Logitech G102 LIGHTSYNC Gaming Mouse Keyboard: always reports core events
[   365.058] (**) Option "Device" "/dev/input/event9"
[   365.060] (II) event9  - Logitech G102 LIGHTSYNC Gaming Mouse Keyboard: is tagged by udev as: Keyboard
[   365.060] (II) event9  - Logitech G102 LIGHTSYNC Gaming Mouse Keyboard: device is a keyboard
[   365.061] (II) event9  - Logitech G102 LIGHTSYNC Gaming Mouse Keyboard: device removed
[   365.061] (II) libinput: Logitech G102 LIGHTSYNC Gaming Mouse Keyboard: needs a virtual subdevice
[   365.061] (**) Option "config_info" "udev:/sys/devices/pci0000:00/0000:00:14.0/usb3/3-2/3-2:1.1/0003:046D:C092.0005/input/input9/event9"
[   365.061] (II) XINPUT: Adding extended input device "Logitech G102 LIGHTSYNC Gaming Mouse Keyboard" (type: MOUSE, id 15)
[   365.061] (**) Option "AccelerationScheme" "none"
[   365.061] (**) Logitech G102 LIGHTSYNC Gaming Mouse Keyboard: (accel) selected scheme none/0
[   365.061] (**) Logitech G102 LIGHTSYNC Gaming Mouse Keyboard: (accel) acceleration factor: 2.000
[   365.061] (**) Logitech G102 LIGHTSYNC Gaming Mouse Keyboard: (accel) acceleration threshold: 4
[   365.062] (II) event9  - Logitech G102 LIGHTSYNC Gaming Mouse Keyboard: is tagged by udev as: Keyboard
[   365.062] (II) event9  - Logitech G102 LIGHTSYNC Gaming Mouse Keyboard: device is a keyboard
[   365.064] (II) config/udev: Adding input device UNIW0001:00 093A:0255 Mouse (/dev/input/event20)
[   365.064] (**) UNIW0001:00 093A:0255 Mouse: Applying InputClass "libinput pointer catchall"
[   365.064] (II) Using input driver 'libinput' for 'UNIW0001:00 093A:0255 Mouse'
[   365.065] (II) systemd-logind: got fd for /dev/input/event20 13:84 fd 41 paused 0
[   365.065] (**) UNIW0001:00 093A:0255 Mouse: always reports core events
[   365.065] (**) Option "Device" "/dev/input/event20"
[   365.066] (II) event20 - UNIW0001:00 093A:0255 Mouse: is tagged by udev as: Mouse Pointingstick
[   365.067] (II) event20 - UNIW0001:00 093A:0255 Mouse: device is a pointer
[   365.068] (II) event20 - UNIW0001:00 093A:0255 Mouse: device removed
[   365.068] (**) Option "config_info" "udev:/sys/devices/pci0000:00/0000:00:15.0/i2c_designware.0/i2c-13/i2c-UNIW0001:00/0018:093A:0255.0007/input/input24/event20"
[   365.068] (II) XINPUT: Adding extended input device "UNIW0001:00 093A:0255 Mouse" (type: MOUSE, id 16)
[   365.068] (**) Option "AccelerationScheme" "none"
[   365.068] (**) UNIW0001:00 093A:0255 Mouse: (accel) selected scheme none/0
[   365.068] (**) UNIW0001:00 093A:0255 Mouse: (accel) acceleration factor: 2.000
[   365.068] (**) UNIW0001:00 093A:0255 Mouse: (accel) acceleration threshold: 4
[   365.069] (II) event20 - UNIW0001:00 093A:0255 Mouse: is tagged by udev as: Mouse Pointingstick
[   365.070] (II) event20 - UNIW0001:00 093A:0255 Mouse: device is a pointer
[   365.071] (II) config/udev: Adding input device UNIW0001:00 093A:0255 Mouse (/dev/input/mouse1)
[   365.071] (II) No input driver specified, ignoring this device.
[   365.071] (II) This device may have been added with another device file.
[   365.072] (II) config/udev: Adding input device UNIW0001:00 093A:0255 Touchpad (/dev/input/event21)
[   365.072] (**) UNIW0001:00 093A:0255 Touchpad: Applying InputClass "libinput touchpad catchall"
[   365.072] (II) Using input driver 'libinput' for 'UNIW0001:00 093A:0255 Touchpad'
[   365.072] (II) systemd-logind: got fd for /dev/input/event21 13:85 fd 42 paused 0
[   365.072] (**) UNIW0001:00 093A:0255 Touchpad: always reports core events
[   365.072] (**) Option "Device" "/dev/input/event21"
[   365.073] (II) event21 - UNIW0001:00 093A:0255 Touchpad: is tagged by udev as: Touchpad
[   365.074] (II) event21 - UNIW0001:00 093A:0255 Touchpad: device is a touchpad
[   365.074] (II) event21 - UNIW0001:00 093A:0255 Touchpad: device removed
[   365.075] (**) Option "config_info" "udev:/sys/devices/pci0000:00/0000:00:15.0/i2c_designware.0/i2c-13/i2c-UNIW0001:00/0018:093A:0255.0007/input/input25/event21"
[   365.075] (II) XINPUT: Adding extended input device "UNIW0001:00 093A:0255 Touchpad" (type: TOUCHPAD, id 17)
[   365.076] (**) Option "AccelerationScheme" "none"
[   365.076] (**) UNIW0001:00 093A:0255 Touchpad: (accel) selected scheme none/0
[   365.076] (**) UNIW0001:00 093A:0255 Touchpad: (accel) acceleration factor: 2.000
[   365.076] (**) UNIW0001:00 093A:0255 Touchpad: (accel) acceleration threshold: 4
[   365.076] (II) event21 - UNIW0001:00 093A:0255 Touchpad: is tagged by udev as: Touchpad
[   365.077] (II) event21 - UNIW0001:00 093A:0255 Touchpad: device is a touchpad
[   365.077] (II) config/udev: Adding input device UNIW0001:00 093A:0255 Touchpad (/dev/input/mouse2)
[   365.078] (II) No input driver specified, ignoring this device.
[   365.078] (II) This device may have been added with another device file.
[   365.078] (II) config/udev: Adding input device HDA Intel PCH Mic (/dev/input/event22)
[   365.078] (II) No input driver specified, ignoring this device.
[   365.078] (II) This device may have been added with another device file.
[   365.078] (II) config/udev: Adding input device HDA Intel PCH Front Headphone (/dev/input/event23)
[   365.078] (II) No input driver specified, ignoring this device.
[   365.078] (II) This device may have been added with another device file.
[   365.078] (II) config/udev: Adding input device HDA Intel PCH HDMI/DP,pcm=3 (/dev/input/event24)
[   365.078] (II) No input driver specified, ignoring this device.
[   365.078] (II) This device may have been added with another device file.
[   365.078] (II) config/udev: Adding input device HDA Intel PCH HDMI/DP,pcm=7 (/dev/input/event25)
[   365.078] (II) No input driver specified, ignoring this device.
[   365.078] (II) This device may have been added with another device file.
[   365.078] (II) config/udev: Adding input device HDA Intel PCH HDMI/DP,pcm=8 (/dev/input/event26)
[   365.078] (II) No input driver specified, ignoring this device.
[   365.078] (II) This device may have been added with another device file.
[   365.078] (II) config/udev: Adding input device HDA Intel PCH HDMI/DP,pcm=9 (/dev/input/event27)
[   365.078] (II) No input driver specified, ignoring this device.
[   365.078] (II) This device may have been added with another device file.
[   365.078] (II) config/udev: Adding input device HDA Intel PCH HDMI/DP,pcm=10 (/dev/input/event28)
[   365.078] (II) No input driver specified, ignoring this device.
[   365.078] (II) This device may have been added with another device file.
[   365.079] (II) config/udev: Adding input device HDA Intel PCH HDMI/DP,pcm=11 (/dev/input/event29)
[   365.079] (II) No input driver specified, ignoring this device.
[   365.079] (II) This device may have been added with another device file.
[   365.079] (II) config/udev: Adding input device HDA Intel PCH HDMI/DP,pcm=12 (/dev/input/event30)
[   365.079] (II) No input driver specified, ignoring this device.
[   365.079] (II) This device may have been added with another device file.
[   365.079] (II) config/udev: Adding input device HDA Intel PCH HDMI/DP,pcm=13 (/dev/input/event31)
[   365.079] (II) No input driver specified, ignoring this device.
[   365.079] (II) This device may have been added with another device file.
[   365.079] (II) config/udev: Adding input device HDA Intel PCH HDMI/DP,pcm=14 (/dev/input/event256)
[   365.079] (II) No input driver specified, ignoring this device.
[   365.079] (II) This device may have been added with another device file.
[   365.079] (II) config/udev: Adding input device HDA Intel PCH HDMI/DP,pcm=15 (/dev/input/event257)
[   365.079] (II) No input driver specified, ignoring this device.
[   365.079] (II) This device may have been added with another device file.
[   365.079] (II) config/udev: Adding input device HDA Intel PCH HDMI/DP,pcm=16 (/dev/input/event258)
[   365.079] (II) No input driver specified, ignoring this device.
[   365.079] (II) This device may have been added with another device file.
[   365.079] (II) config/udev: Adding input device HDA Intel PCH HDMI/DP,pcm=17 (/dev/input/event259)
[   365.079] (II) No input driver specified, ignoring this device.
[   365.079] (II) This device may have been added with another device file.
[   365.079] (II) config/udev: Adding input device Intel HID events (/dev/input/event10)
[   365.079] (**) Intel HID events: Applying InputClass "libinput keyboard catchall"
[   365.079] (II) Using input driver 'libinput' for 'Intel HID events'
[   365.080] (II) systemd-logind: got fd for /dev/input/event10 13:74 fd 43 paused 0
[   365.080] (**) Intel HID events: always reports core events
[   365.080] (**) Option "Device" "/dev/input/event10"
[   365.080] (II) event10 - Intel HID events: is tagged by udev as: Keyboard
[   365.080] (II) event10 - Intel HID events: device is a keyboard
[   365.080] (II) event10 - Intel HID events: device removed
[   365.080] (**) Option "config_info" "udev:/sys/devices/platform/INTC1051:00/input/input12/event10"
[   365.080] (II) XINPUT: Adding extended input device "Intel HID events" (type: KEYBOARD, id 18)
[   365.080] (II) event10 - Intel HID events: is tagged by udev as: Keyboard
[   365.080] (II) event10 - Intel HID events: device is a keyboard
[   365.081] (II) config/udev: Adding input device AT Translated Set 2 keyboard (/dev/input/event5)
[   365.081] (**) AT Translated Set 2 keyboard: Applying InputClass "libinput keyboard catchall"
[   365.081] (II) Using input driver 'libinput' for 'AT Translated Set 2 keyboard'
[   365.081] (II) systemd-logind: got fd for /dev/input/event5 13:69 fd 44 paused 0
[   365.081] (**) AT Translated Set 2 keyboard: always reports core events
[   365.081] (**) Option "Device" "/dev/input/event5"
[   365.081] (II) event5  - AT Translated Set 2 keyboard: is tagged by udev as: Keyboard
[   365.081] (II) event5  - AT Translated Set 2 keyboard: device is a keyboard
[   365.082] (II) event5  - AT Translated Set 2 keyboard: device removed
[   365.082] (**) Option "config_info" "udev:/sys/devices/platform/i8042/serio0/input/input5/event5"
[   365.082] (II) XINPUT: Adding extended input device "AT Translated Set 2 keyboard" (type: KEYBOARD, id 19)
[   365.082] (II) event5  - AT Translated Set 2 keyboard: is tagged by udev as: Keyboard
[   365.082] (II) event5  - AT Translated Set 2 keyboard: device is a keyboard
[   365.083] (II) config/udev: Adding input device PC Speaker (/dev/input/event11)
[   365.083] (II) No input driver specified, ignoring this device.
[   365.083] (II) This device may have been added with another device file.
[   365.084] (II) config/udev: Adding input device Speakup (/dev/input/event260)
[   365.084] (**) Speakup: Applying InputClass "libinput keyboard catchall"
[   365.084] (II) Using input driver 'libinput' for 'Speakup'
[   365.084] (II) systemd-logind: got fd for /dev/input/event260 13:260 fd 45 paused 0
[   365.084] (**) Speakup: always reports core events
[   365.084] (**) Option "Device" "/dev/input/event260"
[   365.084] (II) event260 - Speakup: is tagged by udev as: Keyboard
[   365.084] (II) event260 - Speakup: device is a keyboard
[   365.085] (II) event260 - Speakup: device removed
[   365.085] (**) Option "config_info" "udev:/sys/devices/virtual/input/input40/event260"
[   365.085] (II) XINPUT: Adding extended input device "Speakup" (type: KEYBOARD, id 20)
[   365.085] (II) event260 - Speakup: is tagged by udev as: Keyboard
[   365.085] (II) event260 - Speakup: device is a keyboard
[   365.087] (**) Logitech Mechanical keyboard Logitech Mechanical keyboard Keyboard: Applying InputClass "libinput keyboard catchall"
[   365.087] (II) Using input driver 'libinput' for 'Logitech Mechanical keyboard Logitech Mechanical keyboard Keyboard'
[   365.088] (II) systemd-logind: returning pre-existing fd for /dev/input/event7 13:71
[   365.088] (**) Logitech Mechanical keyboard Logitech Mechanical keyboard Keyboard: always reports core events
[   365.088] (**) Option "Device" "/dev/input/event7"
[   365.088] (II) libinput: Logitech Mechanical keyboard Logitech Mechanical keyboard Keyboard: is a virtual subdevice
[   365.088] (**) Option "config_info" "udev:/sys/devices/pci0000:00/0000:00:14.0/usb3/3-1/3-1:1.1/0003:046D:C341.0002/input/input7/event7"
[   365.088] (II) XINPUT: Adding extended input device "Logitech Mechanical keyboard Logitech Mechanical keyboard Keyboard" (type: KEYBOARD, id 21)
[   365.088] (**) Logitech G102 LIGHTSYNC Gaming Mouse Keyboard: Applying InputClass "libinput keyboard catchall"
[   365.088] (II) Using input driver 'libinput' for 'Logitech G102 LIGHTSYNC Gaming Mouse Keyboard'
[   365.088] (II) systemd-logind: returning pre-existing fd for /dev/input/event9 13:73
[   365.088] (**) Logitech G102 LIGHTSYNC Gaming Mouse Keyboard: always reports core events
[   365.088] (**) Option "Device" "/dev/input/event9"
[   365.088] (II) libinput: Logitech G102 LIGHTSYNC Gaming Mouse Keyboard: is a virtual subdevice
[   365.088] (**) Option "config_info" "udev:/sys/devices/pci0000:00/0000:00:14.0/usb3/3-2/3-2:1.1/0003:046D:C092.0005/input/input9/event9"
[   365.088] (II) XINPUT: Adding extended input device "Logitech G102 LIGHTSYNC Gaming Mouse Keyboard" (type: KEYBOARD, id 22)
[   365.578] (II) modeset(0): EDID vendor "BOE", prod id 2420
[   365.578] (II) modeset(0): Using EDID range info for horizontal sync
[   365.578] (II) modeset(0): Using EDID range info for vertical refresh
[   365.578] (II) modeset(0): Printing DDC gathered Modelines:
[   365.578] (II) modeset(0): Modeline "2560x1440"x0.0  161.92  2560 2608 2640 2735  1440 1443 1449 1480 -hsync -vsync (59.2 kHz eP)
[   521.878] (EE) event6  - Logitech Mechanical keyboard Logitech Mechanical keyboard: client bug: event processing lagging behind by 21ms, your system is too slow
[   996.708] (**) Option "fd" "29"
[   996.708] (II) event4  - Video Bus: device removed
[   996.708] (**) Option "fd" "32"
[   996.708] (II) event3  - Video Bus: device removed
[   996.708] (**) Option "fd" "33"
[   996.708] (II) event1  - Power Button: device removed
[   996.708] (**) Option "fd" "34"
[   996.708] (II) event0  - Sleep Button: device removed
[   996.708] (**) Option "fd" "35"
[   996.708] (II) event6  - Logitech Mechanical keyboard Logitech Mechanical keyboard: device removed
[   996.708] (**) Option "fd" "36"
[   996.708] (**) Option "fd" "37"
[   996.708] (II) event14 - HD Webcam: HD Webcam: device removed
[   996.708] (**) Option "fd" "38"
[   996.708] (II) event15 - HD Webcam: IR Camera: device removed
[   996.708] (**) Option "fd" "39"
[   996.708] (II) event8  - Logitech G102 LIGHTSYNC Gaming Mouse: device removed
[   996.708] (**) Option "fd" "40"
[   996.708] (**) Option "fd" "41"
[   996.708] (II) event20 - UNIW0001:00 093A:0255 Mouse: device removed
[   996.708] (**) Option "fd" "42"
[   996.708] (II) event21 - UNIW0001:00 093A:0255 Touchpad: device removed
[   996.708] (**) Option "fd" "43"
[   996.708] (II) event10 - Intel HID events: device removed
[   996.708] (**) Option "fd" "44"
[   996.708] (II) event5  - AT Translated Set 2 keyboard: device removed
[   996.708] (**) Option "fd" "45"
[   996.708] (II) event260 - Speakup: device removed
[   996.708] (**) Option "fd" "36"
[   996.708] (II) event7  - Logitech Mechanical keyboard Logitech Mechanical keyboard Keyboard: device removed
[   996.709] (**) Option "fd" "40"
[   996.709] (II) event9  - Logitech G102 LIGHTSYNC Gaming Mouse Keyboard: device removed
[   996.714] (II) UnloadModule: "libinput"
[   996.714] (II) systemd-logind: not releasing fd for 13:73, still in use
[   996.714] (II) UnloadModule: "libinput"
[   996.714] (II) systemd-logind: not releasing fd for 13:71, still in use
[   996.714] (II) UnloadModule: "libinput"
[   996.714] (II) systemd-logind: releasing fd for 13:260
[   996.714] (II) UnloadModule: "libinput"
[   996.714] (II) systemd-logind: releasing fd for 13:69
[   996.714] (II) UnloadModule: "libinput"
[   996.714] (II) systemd-logind: releasing fd for 13:74
[   996.714] (II) UnloadModule: "libinput"
[   996.714] (II) systemd-logind: releasing fd for 13:85
[   996.714] (II) UnloadModule: "libinput"
[   996.714] (II) systemd-logind: releasing fd for 13:84
[   996.714] (II) UnloadModule: "libinput"
[   996.714] (II) systemd-logind: releasing fd for 13:73
[   996.715] (II) UnloadModule: "libinput"
[   996.715] (II) systemd-logind: releasing fd for 13:72
[   996.715] (II) UnloadModule: "libinput"
[   996.715] (II) systemd-logind: releasing fd for 13:79
[   996.715] (II) UnloadModule: "libinput"
[   996.715] (II) systemd-logind: releasing fd for 13:78
[   996.715] (II) UnloadModule: "libinput"
[   996.715] (II) systemd-logind: releasing fd for 13:71
[   996.715] (II) UnloadModule: "libinput"
[   996.715] (II) systemd-logind: releasing fd for 13:70
[   996.715] (II) UnloadModule: "libinput"
[   996.715] (II) systemd-logind: releasing fd for 13:64
[   996.715] (II) UnloadModule: "libinput"
[   996.715] (II) systemd-logind: releasing fd for 13:65
[   996.715] (II) UnloadModule: "libinput"
[   996.715] (II) systemd-logind: releasing fd for 13:67
[   996.716] (II) UnloadModule: "libinput"
[   996.716] (II) systemd-logind: releasing fd for 13:68
[   996.735] (II) Server terminated successfully (0). Closing log file.
