[2022-10-05 03:41:45.486] [139750342856000] [ERROR] [sogou] "GetOSInfo 317 /etc/os-version not existed"
[2022-10-05 03:41:45.486] [139750342856000] [ERROR] [sogou] "GetOSInfo 338 /etc/deepin-version not existed"
[2022-10-05 03:41:45.486] [139750342856000] [ERROR] [sogou] "GetOSInfo 317 /etc/os-version not existed"
[2022-10-05 03:41:45.486] [139750342856000] [ERROR] [sogou] "GetOSInfo 338 /etc/deepin-version not existed"
[2022-10-05 03:41:45.486] [139750342856000] [ERROR] [sogou] "GetOSInfo 317 /etc/os-version not existed"
[2022-10-05 03:41:45.486] [139750342856000] [ERROR] [sogou] "GetOSInfo 338 /etc/deepin-version not existed"
[2022-10-05 03:41:45.487] [139750342856000] [ERROR] [sogou] "IsValidDate 169 local:2022-10-5 pkg:9999-12-31"
[2022-10-05 03:41:45.487] [139750342856000] [ERROR] [sogou] "ComparDate 216 local:2022-10-05 pkg:1000-01-01"
[2022-10-05 03:41:45.487] [139750342856000] [ERROR] [sogou] "ComparDate 216 local:2022-10-05 pkg:9999-12-31"
[2022-10-05 03:41:45.487] [139750342856000] [ERROR] [sogou] "ComparDate 216 local:2022-10-05 pkg:1000-01-01"
[2022-10-05 03:41:45.487] [139750342856000] [ERROR] [sogou] "ComparDate 216 local:2022-10-05 pkg:9999-12-31"
[2022-10-05 03:41:45.536] [139750342856000] [ERROR] [sogou] "CheckSkins 1419 skindir:/home/archiso/.config/sogoupinyin//skin"
[2022-10-05 03:41:45.536] [139750342856000] [ERROR] [sogou] "creatDBusService 84 bRet:1"
[2022-10-05 03:41:45.541] [139750342856000] [ERROR] [sogou] "InitShell 220 ime init"
[2022-10-05 03:41:45.542] [139750342856000] [ERROR] [sogou] "ShellWrapper::Init Init 23 "
[2022-10-05 03:41:45.542] [139750342856000] [ERROR] [sogou] "ShellWrapper::Init Init 36 g_pShell->Init:1"
[2022-10-05 03:41:45.542] [139750342856000] [ERROR] [sogou] "t_sogouIme Init 115 ShellWrapper Res:1"
[2022-10-05 03:41:45.542] [139750342856000] [ERROR] [sogou] "t_sogouIme Init 144 Days:2913626 mode:0"
[2022-10-05 03:41:45.542] [139750342856000] [ERROR] [sogou] "t_sogouIme Init 148 White:0"
[2022-10-05 03:41:45.542] [139750342856000] [ERROR] [sogou] "InitShell 230 ime init:1"
[2022-10-05 03:41:45.556] [139750342856000] [ERROR] [sogou] "out platformkit QDBusMessage type error"
[2022-10-05 03:41:45.556] [139750342856000] [ERROR] [sogou] "The name com.deepin.daemon.Appearance was not provided by any .service files"
[2022-10-05 03:41:45.556] [139750342856000] [ERROR] [sogou] "out platformkit GetOSTheme iface is not Valid return null"
